<?xml version="1.0" encoding="UTF-8"?>
<coverage generated="1529493847754" clover="3.2.0">
  <project timestamp="1529493847754" name="All files">
    <metrics statements="5" coveredstatements="5" conditionals="2" coveredconditionals="2" methods="3" coveredmethods="3" elements="10" coveredelements="10" complexity="0" loc="5" ncloc="5" packages="1" files="1" classes="1">
      <file name="CheckboxWithLabel.js" path="C:\Users\okozlov\Downloads\sitegen-test\CheckboxWithLabel.js">
        <metrics statements="5" coveredstatements="5" conditionals="2" coveredconditionals="2" methods="3" coveredmethods="3"/>
        <line num="7" count="1" type="stmt"/>
        <line num="8" count="1" type="stmt"/>
        <line num="12" count="1" type="stmt"/>
        <line num="16" count="1" type="stmt"/>
        <line num="20" count="2" type="stmt"/>
      </file>
    </metrics>
  </project>
</coverage>
