<?xml version="1.0" encoding="UTF-8"?>
<coverage generated="1529402121981" clover="3.2.0">
  <project timestamp="1529402121982" name="All files">
    <metrics statements="2189" coveredstatements="845" conditionals="538" coveredconditionals="205" methods="600" coveredmethods="198" elements="3327" coveredelements="1248" complexity="0" loc="2189" ncloc="2189" packages="57" files="101" classes="101">

      <package name="client.src.modules.header">
        <metrics statements="11" coveredstatements="0" conditionals="4" coveredconditionals="0" methods="1" coveredmethods="0"/>
        <file name="header.component.tsx" path="C:\Projects\sitegen\sitegen-reserve\packages\sitegen-bo\client\src\modules\header\header.component.tsx">
          <metrics statements="11" coveredstatements="0" conditionals="4" coveredconditionals="0" methods="1" coveredmethods="0"/>
          <line num="1" count="0" type="stmt"/>
          <line num="5" count="0" type="stmt"/>
          <line num="6" count="0" type="stmt"/>
          <line num="7" count="0" type="stmt"/>
          <line num="8" count="0" type="stmt"/>
          <line num="9" count="0" type="stmt"/>
          <line num="10" count="0" type="stmt"/>
          <line num="11" count="0" type="cond" truecount="0" falsecount="2"/>
          <line num="12" count="0" type="cond" truecount="0" falsecount="2"/>
          <line num="13" count="0" type="stmt"/>
          <line num="24" count="0" type="stmt"/>
        </file>
      </package>
    </metrics>
  </project>
</coverage>
