{"C:\\Projects\\sitegen\\sitegen-reserve\\packages\\sitegen-bo\\client\\src\\modules\\header\\header.component.tsx": {"path":"C:\\Projects\\sitegen\\sitegen-reserve\\packages\\sitegen-bo\\client\\src\\modules\\header\\header.component.tsx","statementMap":{"0":{"start":{"line":1,"column":13},"end":{"line":1,"column":4427}},"1":{"start":{"line":1,"column":4427},"end":{"line":1,"column":4440}},"2":{"start":{"line":5,"column":0},"end":{"line":5,"column":62}},"3":{"start":{"line":6,"column":14},"end":{"line":6,"column":30}},"4":{"start":{"line":7,"column":17},"end":{"line":7,"column":46}},"5":{"start":{"line":8,"column":18},"end":{"line":8,"column":63}},"6":{"start":{"line":9,"column":24},"end":{"line":9,"column":50}},"7":{"start":{"line":10,"column":0},"end":{"line":23,"column":2}},"8":{"start":{"line":11,"column":21},"end":{"line":11,"column":50}},"9":{"start":{"line":12,"column":21},"end":{"line":12,"column":75}},"10":{"start":{"line":13,"column":4},"end":{"line":22,"column":124}},"11":{"start":{"line":24,"column":0},"end":{"line":24,"column":33}}},"fnMap":{"0":{"name":"(anonymous_0)","decl":{"start":{"line":10,"column":17},"end":{"line":10,"column":18}},"loc":{"start":{"line":10,"column":26},"end":{"line":23,"column":1}},"line":10}},"branchMap":{"0":{"loc":{"start":{"line":11,"column":21},"end":{"line":11,"column":50}},"type":"binary-expr","locations":[{"start":{"line":11,"column":21},"end":{"line":11,"column":36}},{"start":{"line":11,"column":40},"end":{"line":11,"column":50}}],"line":11},"1":{"loc":{"start":{"line":12,"column":21},"end":{"line":12,"column":75}},"type":"binary-expr","locations":[{"start":{"line":12,"column":21},"end":{"line":12,"column":36}},{"start":{"line":12,"column":40},"end":{"line":12,"column":75}}],"line":12}},"s":{"0":0,"1":0,"2":0,"3":0,"4":0,"5":0,"6":0,"7":0,"8":0,"9":0,"10":0,"11":0},"f":{"0":0},"b":{"0":[0,0],"1":[0,0]}}
}
